<?xml version="1.0" encoding="UTF-8"?>
<testsuite name="com.mockitotest.MockitoTest" tests="2" skipped="0" failures="0" errors="0" timestamp="2020-04-18T03:12:14" hostname="aarti" time="0.897">
  <properties/>
  <testcase name="testQuery" classname="com.mockitotest.MockitoTest" time="0.804"/>
  <testcase name="customerReaderTest" classname="com.mockitotest.MockitoTest" time="0.092"/>
  <system-out><![CDATA[]]></system-out>
  <system-err><![CDATA[]]></system-err>
</testsuite>
